Using pre-set license
Built from '2020.2/release' branch; Version is '2020.2.0f1 (3721df5a8b28) revision 3613151'; Using compiler version '192528614'; Build Type 'Release'
OS: 'Windows 10  (10.0.0) 64bit' Language: 'pl' Physical Memory: 16335 MB
BatchMode: 1, IsHumanControllingUs: 0, StartBugReporterOnCrash: 0, Is64bit: 1, IsPro: 0

 COMMAND LINE ARGUMENTS:
B:\projects unity\2020.2.0f1\Editor\Unity.exe
-adb2
-batchMode
-noUpm
-name
AssetImportWorker0
-projectPath
B:/git hub/zapis 1/Delivery-Driver/TGK
-logFile
Logs/AssetImportWorker0.log
-srvPort
60968
Successfully changed project path to: B:/git hub/zapis 1/Delivery-Driver/TGK
B:/git hub/zapis 1/Delivery-Driver/TGK
Using Asset Import Pipeline V2.
Refreshing native plugins compatible for Editor in 33.60 ms, found 0 plugins.
Preloading 0 native plugins for Editor in 0.00 ms.
Initialize engine version: 2020.2.0f1 (3721df5a8b28)
[Subsystems] Discovering subsystems at path B:/projects unity/2020.2.0f1/Editor/Data/Resources/UnitySubsystems
[Subsystems] Discovering subsystems at path B:/git hub/zapis 1/Delivery-Driver/TGK/Assets
GfxDevice: creating device client; threaded=0
Direct3D:
    Version:  Direct3D 11.0 [level 11.1]
    Renderer: NVIDIA GeForce GTX 1050 Ti (ID=0x1c82)
    Vendor:   
    VRAM:     4018 MB
    Driver:   30.0.15.1215
Initialize mono
Mono path[0] = 'B:/projects unity/2020.2.0f1/Editor/Data/Managed'
Mono path[1] = 'B:/projects unity/2020.2.0f1/Editor/Data/MonoBleedingEdge/lib/mono/unityjit'
Mono config path = 'B:/projects unity/2020.2.0f1/Editor/Data/MonoBleedingEdge/etc'
Using monoOptions --debugger-agent=transport=dt_socket,embedding=1,server=y,suspend=n,address=127.0.0.1:56544
Begin MonoManager ReloadAssembly
Registering precompiled unity dll's ...
Register platform support module: B:/projects unity/2020.2.0f1/Editor/Data/PlaybackEngines/WindowsStandaloneSupport/UnityEditor.WindowsStandalone.Extensions.dll
Registered in 0.001783 seconds.
Native extension for WindowsStandalone target not found
Refreshing native plugins compatible for Editor in 33.78 ms, found 0 plugins.
Preloading 0 native plugins for Editor in 0.00 ms.
Invoked RoslynAnalysisRunner static constructor.
RoslynAnalysisRunner will not be running.
RoslynAnalysisRunner has terminated.
Mono: successfully reloaded assembly
- Completed reload, in  3.568 seconds
Platform modules already initialized, skipping
Registering precompiled user dll's ...
Registered in 0.001757 seconds.
Begin MonoManager ReloadAssembly
Native extension for WindowsStandalone target not found
Refreshing native plugins compatible for Editor in 0.27 ms, found 0 plugins.
Preloading 0 native plugins for Editor in 0.00 ms.
Invoked RoslynAnalysisRunner static constructor.
RoslynAnalysisRunner will not be running.
RoslynAnalysisRunner has terminated.
Mono: successfully reloaded assembly
- Completed reload, in  1.645 seconds
Platform modules already initialized, skipping
========================================================================
Worker process is ready to serve import requests
Launched and connected shader compiler UnityShaderCompiler.exe after 0.10 seconds
Refreshing native plugins compatible for Editor in 0.21 ms, found 0 plugins.
Preloading 0 native plugins for Editor in 0.00 ms.
Unloading 1095 Unused Serialized files (Serialized files now loaded: 0)
System memory in use before: 56.5 MB.
System memory in use after: 56.5 MB.

Unloading 10 unused Assets to reduce memory usage. Loaded Objects now: 1536.
Total: 3.323200 ms (FindLiveObjects: 0.145600 ms CreateObjectMapping: 0.046400 ms MarkObjects: 2.709300 ms  DeleteObjects: 0.419700 ms)

========================================================================
Received Import Request.
  path: Assets/New Material.mat
  artifactKey: Guid(8753ef6de5636ed42a083057320353a0) Importer(815301076,1909f56bfc062723c751e8b465ee728b)
Start importing Assets/New Material.mat using Guid(8753ef6de5636ed42a083057320353a0) Importer(815301076,1909f56bfc062723c751e8b465ee728b)  -> (artifact id: 'ac61e6b80fbee2ec820627cd0ca8e1bd') in 0.188022 seconds
  Import took 0.190769 seconds .

========================================================================
Received Import Request.
  Time since last request: 71.379717 seconds.
  path: Assets/GroundColor.mat
  artifactKey: Guid(c87851d331578f24abd9ea801373e75c) Importer(815301076,1909f56bfc062723c751e8b465ee728b)
Start importing Assets/GroundColor.mat using Guid(c87851d331578f24abd9ea801373e75c) Importer(815301076,1909f56bfc062723c751e8b465ee728b)  -> (artifact id: 'ae94c7284c915163f556f3d4d2b0e908') in 0.031085 seconds
  Import took 0.034300 seconds .

========================================================================
Received Import Request.
  Time since last request: 111.450744 seconds.
  path: Assets/Mover.cs
  artifactKey: Guid(95bcdc7b031bf8a48b38800f2353fdec) Importer(815301076,1909f56bfc062723c751e8b465ee728b)
Start importing Assets/Mover.cs using Guid(95bcdc7b031bf8a48b38800f2353fdec) Importer(815301076,1909f56bfc062723c751e8b465ee728b)  -> (artifact id: '012415fc8791c06d135cb66490fe0481') in 0.010681 seconds
  Import took 0.023230 seconds .

========================================================================
Received Prepare
Registering precompiled user dll's ...
Registered in 0.000919 seconds.
Begin MonoManager ReloadAssembly
Native extension for WindowsStandalone target not found
Refreshing native plugins compatible for Editor in 0.20 ms, found 0 plugins.
Preloading 0 native plugins for Editor in 0.00 ms.
Invoked RoslynAnalysisRunner static constructor.
RoslynAnalysisRunner will not be running.
RoslynAnalysisRunner has terminated.
Mono: successfully reloaded assembly
- Completed reload, in  1.015 seconds
Platform modules already initialized, skipping
Refreshing native plugins compatible for Editor in 0.24 ms, found 0 plugins.
Preloading 0 native plugins for Editor in 0.00 ms.
Unloading 1090 Unused Serialized files (Serialized files now loaded: 0)
System memory in use before: 59.9 MB.
System memory in use after: 60.0 MB.

Unloading 5 unused Assets to reduce memory usage. Loaded Objects now: 1578.
Total: 1.868200 ms (FindLiveObjects: 0.174200 ms CreateObjectMapping: 0.043800 ms MarkObjects: 1.587700 ms  DeleteObjects: 0.061200 ms)

========================================================================
Received Import Request.
  Time since last request: 106.411498 seconds.
  path: Assets/GroundColor.mat
  artifactKey: Guid(c87851d331578f24abd9ea801373e75c) Importer(815301076,1909f56bfc062723c751e8b465ee728b)
Start importing Assets/GroundColor.mat using Guid(c87851d331578f24abd9ea801373e75c) Importer(815301076,1909f56bfc062723c751e8b465ee728b)  -> (artifact id: '7239edb02ff04fd5455aee1b31e1d8d8') in 0.088998 seconds
  Import took 0.094808 seconds .

========================================================================
Received Import Request.
  Time since last request: 0.000386 seconds.
  path: Assets/PlayerColor.mat
  artifactKey: Guid(8753ef6de5636ed42a083057320353a0) Importer(815301076,1909f56bfc062723c751e8b465ee728b)
Start importing Assets/PlayerColor.mat using Guid(8753ef6de5636ed42a083057320353a0) Importer(815301076,1909f56bfc062723c751e8b465ee728b)  -> (artifact id: 'cedc54dd21fd4b373d9fa1f3bcc8184a') in 0.026833 seconds
  Import took 0.029021 seconds .

AssetImportWorkerClient::OnTransportError - code=2 error=End of file
